CCS PCM C Compiler, Version 5.115, 43599               19-Feb-25 14:16

               Filename:   D:\fuvitech\Do an sv\CanhBaoVaChamOto4Huong\main.lst

               ROM used:   1718 words (21%)
                           Largest free fragment is 2048
               RAM used:   41 (11%) at main() level
                           66 (18%) worst case
               Stack used: 5 locations
               Stack size: 8

*
0000:  MOVLW  06
0001:  MOVWF  0A
0002:  GOTO   67A
0003:  NOP
.................... #include <main.h>
.................... #include <16F877A.h>
.................... //////////// Standard Header file for the PIC16F877A device ////////////////
.................... ///////////////////////////////////////////////////////////////////////////
.................... ////        (C) Copyright 1996, 2020 Custom Computer Services          ////
.................... //// This source code may only be used by licensed users of the CCS C  ////
.................... //// compiler.  This source code may only be distributed to other      ////
.................... //// licensed users of the CCS C compiler.  No other use, reproduction ////
.................... //// or distribution is permitted without written permission.          ////
.................... //// Derivative programs created using this software in object code    ////
.................... //// form are not restricted in any way.                               ////
.................... ///////////////////////////////////////////////////////////////////////////
.................... #device PIC16F877A
0004:  DATA 4E,1D
0005:  DATA 25,17
0006:  DATA 30,33
0007:  DATA E3,36
0008:  DATA 20,10
0009:  DATA 20,00
000A:  DATA 42,1D
000B:  DATA 25,17
000C:  DATA 30,33
000D:  DATA E3,36
000E:  DATA 20,10
000F:  DATA 20,00
0010:  DATA 0C,00
0011:  DATA C8,22
0012:  DATA 4C,26
0013:  DATA 4F,00
*
0169:  MOVF   0B,W
016A:  MOVWF  43
016B:  BCF    0B.7
016C:  BSF    03.5
016D:  BSF    03.6
016E:  BSF    0C.7
016F:  BSF    0C.0
0170:  NOP
0171:  NOP
0172:  BCF    03.5
0173:  BCF    03.6
0174:  BTFSC  43.7
0175:  BSF    0B.7
0176:  BSF    03.6
0177:  MOVF   0C,W
0178:  ANDLW  7F
0179:  BTFSC  03.2
017A:  GOTO   1BD
017B:  BCF    03.6
017C:  MOVWF  43
017D:  BSF    03.6
017E:  MOVF   0D,W
017F:  BCF    03.6
0180:  MOVWF  44
0181:  BSF    03.6
0182:  MOVF   0F,W
0183:  BCF    03.6
0184:  MOVWF  45
0185:  MOVF   43,W
0186:  MOVWF  50
0187:  CALL   13D
0188:  MOVF   44,W
0189:  BSF    03.6
018A:  MOVWF  0D
018B:  BCF    03.6
018C:  MOVF   45,W
018D:  BSF    03.6
018E:  MOVWF  0F
018F:  BCF    03.6
0190:  MOVF   0B,W
0191:  MOVWF  46
0192:  BCF    0B.7
0193:  BSF    03.5
0194:  BSF    03.6
0195:  BSF    0C.7
0196:  BSF    0C.0
0197:  NOP
0198:  NOP
0199:  BCF    03.5
019A:  BCF    03.6
019B:  BTFSC  46.7
019C:  BSF    0B.7
019D:  BSF    03.6
019E:  RLF    0C,W
019F:  RLF    0E,W
01A0:  ANDLW  7F
01A1:  BTFSC  03.2
01A2:  GOTO   1BD
01A3:  BCF    03.6
01A4:  MOVWF  43
01A5:  BSF    03.6
01A6:  MOVF   0D,W
01A7:  BCF    03.6
01A8:  MOVWF  44
01A9:  BSF    03.6
01AA:  MOVF   0F,W
01AB:  BCF    03.6
01AC:  MOVWF  45
01AD:  MOVF   43,W
01AE:  MOVWF  50
01AF:  CALL   13D
01B0:  MOVF   44,W
01B1:  BSF    03.6
01B2:  MOVWF  0D
01B3:  BCF    03.6
01B4:  MOVF   45,W
01B5:  BSF    03.6
01B6:  MOVWF  0F
01B7:  INCF   0D,F
01B8:  BTFSC  03.2
01B9:  INCF   0F,F
01BA:  BCF    03.6
01BB:  GOTO   169
01BC:  BSF    03.6
01BD:  BCF    03.6
01BE:  RETURN
01BF:  MOVF   50,W
01C0:  BTFSC  03.2
01C1:  GOTO   22F
01C2:  MOVWF  58
01C3:  MOVF   54,W
01C4:  BTFSC  03.2
01C5:  GOTO   22F
01C6:  ADDWF  58,F
01C7:  BTFSC  03.0
01C8:  GOTO   1D0
01C9:  MOVLW  7F
01CA:  SUBWF  58,F
01CB:  BTFSS  03.0
01CC:  GOTO   22F
01CD:  BTFSC  03.2
01CE:  GOTO   22F
01CF:  GOTO   1D4
01D0:  MOVLW  81
01D1:  ADDWF  58,F
01D2:  BTFSC  03.0
01D3:  GOTO   22F
01D4:  MOVF   58,W
01D5:  MOVWF  77
01D6:  CLRF   78
01D7:  CLRF   79
01D8:  CLRF   7A
01D9:  MOVF   51,W
01DA:  MOVWF  5C
01DB:  BSF    5C.7
01DC:  MOVF   52,W
01DD:  MOVWF  5B
01DE:  MOVF   53,W
01DF:  MOVWF  5A
01E0:  MOVLW  18
01E1:  MOVWF  58
01E2:  CLRF   59
01E3:  BTFSS  5A.0
01E4:  GOTO   1FD
01E5:  MOVF   57,W
01E6:  ADDWF  7A,F
01E7:  BTFSS  03.0
01E8:  GOTO   1EF
01E9:  INCF   79,F
01EA:  BTFSS  03.2
01EB:  GOTO   1EF
01EC:  INCF   78,F
01ED:  BTFSC  03.2
01EE:  BSF    59.7
01EF:  MOVF   56,W
01F0:  ADDWF  79,F
01F1:  BTFSS  03.0
01F2:  GOTO   1F6
01F3:  INCF   78,F
01F4:  BTFSC  03.2
01F5:  BSF    59.7
01F6:  MOVF   55,W
01F7:  MOVWF  52
01F8:  BSF    52.7
01F9:  MOVF   52,W
01FA:  ADDWF  78,F
01FB:  BTFSC  03.0
01FC:  BSF    59.7
01FD:  RLF    59,F
01FE:  RRF    78,F
01FF:  RRF    79,F
0200:  RRF    7A,F
0201:  RRF    5C,F
0202:  RRF    5B,F
0203:  RRF    5A,F
0204:  BCF    03.0
0205:  DECFSZ 58,F
0206:  GOTO   1E2
0207:  MOVLW  01
0208:  ADDWF  77,F
0209:  BTFSC  03.0
020A:  GOTO   22F
020B:  BTFSC  78.7
020C:  GOTO   214
020D:  RLF    5C,F
020E:  RLF    7A,F
020F:  RLF    79,F
0210:  RLF    78,F
0211:  DECF   77,F
0212:  BTFSC  03.2
0213:  GOTO   22F
0214:  BTFSS  5C.7
0215:  GOTO   225
0216:  INCF   7A,F
0217:  BTFSS  03.2
0218:  GOTO   225
0219:  INCF   79,F
021A:  BTFSS  03.2
021B:  GOTO   225
021C:  INCF   78,F
021D:  BTFSS  03.2
021E:  GOTO   225
021F:  RRF    78,F
0220:  RRF    79,F
0221:  RRF    7A,F
0222:  INCF   77,F
0223:  BTFSC  03.2
0224:  GOTO   22F
0225:  MOVF   51,W
0226:  MOVWF  59
0227:  MOVF   55,W
0228:  XORWF  59,F
0229:  BTFSS  59.7
022A:  GOTO   22D
022B:  BSF    78.7
022C:  GOTO   233
022D:  BCF    78.7
022E:  GOTO   233
022F:  CLRF   77
0230:  CLRF   78
0231:  CLRF   79
0232:  CLRF   7A
0233:  RETURN
*
02E9:  MOVLW  8E
02EA:  MOVWF  77
02EB:  MOVF   49,W
02EC:  MOVWF  78
02ED:  MOVF   48,W
02EE:  MOVWF  79
02EF:  CLRF   7A
02F0:  MOVF   78,F
02F1:  BTFSS  03.2
02F2:  GOTO   2FD
02F3:  MOVF   79,W
02F4:  MOVWF  78
02F5:  CLRF   79
02F6:  MOVLW  08
02F7:  SUBWF  77,F
02F8:  MOVF   78,F
02F9:  BTFSS  03.2
02FA:  GOTO   2FD
02FB:  CLRF   77
02FC:  GOTO   305
02FD:  BCF    03.0
02FE:  BTFSC  78.7
02FF:  GOTO   304
0300:  RLF    79,F
0301:  RLF    78,F
0302:  DECF   77,F
0303:  GOTO   2FD
0304:  BCF    78.7
*
0360:  MOVF   4A,W
0361:  BTFSC  03.2
0362:  GOTO   425
0363:  MOVWF  56
0364:  MOVF   4E,W
0365:  BTFSC  03.2
0366:  GOTO   425
0367:  SUBWF  56,F
0368:  BTFSS  03.0
0369:  GOTO   36F
036A:  MOVLW  7F
036B:  ADDWF  56,F
036C:  BTFSC  03.0
036D:  GOTO   425
036E:  GOTO   375
036F:  MOVLW  81
0370:  SUBWF  56,F
0371:  BTFSS  03.0
0372:  GOTO   425
0373:  BTFSC  03.2
0374:  GOTO   425
0375:  MOVF   56,W
0376:  MOVWF  77
0377:  CLRF   78
0378:  CLRF   79
0379:  CLRF   7A
037A:  CLRF   55
037B:  MOVF   4B,W
037C:  MOVWF  54
037D:  BSF    54.7
037E:  MOVF   4C,W
037F:  MOVWF  53
0380:  MOVF   4D,W
0381:  MOVWF  52
0382:  MOVLW  19
0383:  MOVWF  56
0384:  MOVF   51,W
0385:  SUBWF  52,F
0386:  BTFSC  03.0
0387:  GOTO   398
0388:  MOVLW  01
0389:  SUBWF  53,F
038A:  BTFSC  03.0
038B:  GOTO   398
038C:  SUBWF  54,F
038D:  BTFSC  03.0
038E:  GOTO   398
038F:  SUBWF  55,F
0390:  BTFSC  03.0
0391:  GOTO   398
0392:  INCF   55,F
0393:  INCF   54,F
0394:  INCF   53,F
0395:  MOVF   51,W
0396:  ADDWF  52,F
0397:  GOTO   3CA
0398:  MOVF   50,W
0399:  SUBWF  53,F
039A:  BTFSC  03.0
039B:  GOTO   3B3
039C:  MOVLW  01
039D:  SUBWF  54,F
039E:  BTFSC  03.0
039F:  GOTO   3B3
03A0:  SUBWF  55,F
03A1:  BTFSC  03.0
03A2:  GOTO   3B3
03A3:  INCF   55,F
03A4:  INCF   54,F
03A5:  MOVF   50,W
03A6:  ADDWF  53,F
03A7:  MOVF   51,W
03A8:  ADDWF  52,F
03A9:  BTFSS  03.0
03AA:  GOTO   3CA
03AB:  INCF   53,F
03AC:  BTFSS  03.2
03AD:  GOTO   3CA
03AE:  INCF   54,F
03AF:  BTFSS  03.2
03B0:  GOTO   3CA
03B1:  INCF   55,F
03B2:  GOTO   3CA
03B3:  MOVF   4F,W
03B4:  IORLW  80
03B5:  SUBWF  54,F
03B6:  BTFSC  03.0
03B7:  GOTO   3C9
03B8:  MOVLW  01
03B9:  SUBWF  55,F
03BA:  BTFSC  03.0
03BB:  GOTO   3C9
03BC:  INCF   55,F
03BD:  MOVF   4F,W
03BE:  IORLW  80
03BF:  ADDWF  54,F
03C0:  MOVF   50,W
03C1:  ADDWF  53,F
03C2:  BTFSS  03.0
03C3:  GOTO   3A7
03C4:  INCF   54,F
03C5:  BTFSS  03.2
03C6:  GOTO   3A7
03C7:  INCF   55,F
03C8:  GOTO   3A7
03C9:  BSF    7A.0
03CA:  DECFSZ 56,F
03CB:  GOTO   3CD
03CC:  GOTO   3D8
03CD:  BCF    03.0
03CE:  RLF    52,F
03CF:  RLF    53,F
03D0:  RLF    54,F
03D1:  RLF    55,F
03D2:  BCF    03.0
03D3:  RLF    7A,F
03D4:  RLF    79,F
03D5:  RLF    78,F
03D6:  RLF    57,F
03D7:  GOTO   384
03D8:  BTFSS  57.0
03D9:  GOTO   3E0
03DA:  BCF    03.0
03DB:  RRF    78,F
03DC:  RRF    79,F
03DD:  RRF    7A,F
03DE:  RRF    57,F
03DF:  GOTO   3E3
03E0:  DECF   77,F
03E1:  BTFSC  03.2
03E2:  GOTO   425
03E3:  BTFSC  57.7
03E4:  GOTO   40C
03E5:  BCF    03.0
03E6:  RLF    52,F
03E7:  RLF    53,F
03E8:  RLF    54,F
03E9:  RLF    55,F
03EA:  MOVF   51,W
03EB:  SUBWF  52,F
03EC:  BTFSC  03.0
03ED:  GOTO   3F8
03EE:  MOVLW  01
03EF:  SUBWF  53,F
03F0:  BTFSC  03.0
03F1:  GOTO   3F8
03F2:  SUBWF  54,F
03F3:  BTFSC  03.0
03F4:  GOTO   3F8
03F5:  SUBWF  55,F
03F6:  BTFSS  03.0
03F7:  GOTO   41B
03F8:  MOVF   50,W
03F9:  SUBWF  53,F
03FA:  BTFSC  03.0
03FB:  GOTO   403
03FC:  MOVLW  01
03FD:  SUBWF  54,F
03FE:  BTFSC  03.0
03FF:  GOTO   403
0400:  SUBWF  55,F
0401:  BTFSS  03.0
0402:  GOTO   41B
0403:  MOVF   4F,W
0404:  IORLW  80
0405:  SUBWF  54,F
0406:  BTFSC  03.0
0407:  GOTO   40C
0408:  MOVLW  01
0409:  SUBWF  55,F
040A:  BTFSS  03.0
040B:  GOTO   41B
040C:  INCF   7A,F
040D:  BTFSS  03.2
040E:  GOTO   41B
040F:  INCF   79,F
0410:  BTFSS  03.2
0411:  GOTO   41B
0412:  INCF   78,F
0413:  BTFSS  03.2
0414:  GOTO   41B
0415:  INCF   77,F
0416:  BTFSC  03.2
0417:  GOTO   425
0418:  RRF    78,F
0419:  RRF    79,F
041A:  RRF    7A,F
041B:  MOVF   4B,W
041C:  MOVWF  56
041D:  MOVF   4F,W
041E:  XORWF  56,F
041F:  BTFSS  56.7
0420:  GOTO   423
0421:  BSF    78.7
0422:  GOTO   429
0423:  BCF    78.7
0424:  GOTO   429
0425:  CLRF   77
0426:  CLRF   78
0427:  CLRF   79
0428:  CLRF   7A
*
0450:  BCF    0A.0
0451:  BCF    0A.1
0452:  BSF    0A.2
0453:  ADDWF  02,F
0454:  GOTO   23B
0455:  GOTO   242
0456:  GOTO   249
0457:  GOTO   250
0458:  BCF    0A.0
0459:  BCF    0A.1
045A:  BSF    0A.2
045B:  ADDWF  02,F
045C:  GOTO   260
045D:  GOTO   267
045E:  GOTO   26E
045F:  GOTO   275
0460:  BCF    0A.0
0461:  BCF    0A.1
0462:  BSF    0A.2
0463:  ADDWF  02,F
0464:  GOTO   282
0465:  GOTO   28A
0466:  GOTO   292
0467:  GOTO   29A
0468:  BCF    0A.0
0469:  BCF    0A.1
046A:  BSF    0A.2
046B:  ADDWF  02,F
046C:  GOTO   2AE
046D:  GOTO   2B6
046E:  GOTO   2BE
046F:  GOTO   2C6
0470:  BTFSC  03.1
0471:  GOTO   475
0472:  MOVLW  58
0473:  MOVWF  04
0474:  BCF    03.7
0475:  CLRF   77
0476:  CLRF   78
0477:  CLRF   79
0478:  CLRF   7A
0479:  CLRF   58
047A:  CLRF   59
047B:  CLRF   5A
047C:  CLRF   5B
047D:  MOVF   57,W
047E:  IORWF  56,W
047F:  IORWF  55,W
0480:  IORWF  54,W
0481:  BTFSC  03.2
0482:  GOTO   4B3
0483:  MOVLW  20
0484:  MOVWF  5C
0485:  BCF    03.0
0486:  RLF    50,F
0487:  RLF    51,F
0488:  RLF    52,F
0489:  RLF    53,F
048A:  RLF    58,F
048B:  RLF    59,F
048C:  RLF    5A,F
048D:  RLF    5B,F
048E:  MOVF   57,W
048F:  SUBWF  5B,W
0490:  BTFSS  03.2
0491:  GOTO   49C
0492:  MOVF   56,W
0493:  SUBWF  5A,W
0494:  BTFSS  03.2
0495:  GOTO   49C
0496:  MOVF   55,W
0497:  SUBWF  59,W
0498:  BTFSS  03.2
0499:  GOTO   49C
049A:  MOVF   54,W
049B:  SUBWF  58,W
049C:  BTFSS  03.0
049D:  GOTO   4AD
049E:  MOVF   54,W
049F:  SUBWF  58,F
04A0:  MOVF   55,W
04A1:  BTFSS  03.0
04A2:  INCFSZ 55,W
04A3:  SUBWF  59,F
04A4:  MOVF   56,W
04A5:  BTFSS  03.0
04A6:  INCFSZ 56,W
04A7:  SUBWF  5A,F
04A8:  MOVF   57,W
04A9:  BTFSS  03.0
04AA:  INCFSZ 57,W
04AB:  SUBWF  5B,F
04AC:  BSF    03.0
04AD:  RLF    77,F
04AE:  RLF    78,F
04AF:  RLF    79,F
04B0:  RLF    7A,F
04B1:  DECFSZ 5C,F
04B2:  GOTO   485
04B3:  MOVF   58,W
04B4:  MOVWF  00
04B5:  INCF   04,F
04B6:  MOVF   59,W
04B7:  MOVWF  00
04B8:  INCF   04,F
04B9:  MOVF   5A,W
04BA:  MOVWF  00
04BB:  INCF   04,F
04BC:  MOVF   5B,W
04BD:  MOVWF  00
04BE:  RETURN
04BF:  MOVF   04,W
04C0:  MOVWF  48
04C1:  MOVF   47,W
04C2:  MOVWF  4A
04C3:  BTFSC  03.2
04C4:  GOTO   4DE
04C5:  MOVF   46,W
04C6:  MOVWF  53
04C7:  MOVF   45,W
04C8:  MOVWF  52
04C9:  MOVF   44,W
04CA:  MOVWF  51
04CB:  MOVF   43,W
04CC:  MOVWF  50
04CD:  CLRF   57
04CE:  CLRF   56
04CF:  MOVLW  20
04D0:  MOVWF  55
04D1:  MOVLW  82
04D2:  MOVWF  54
04D3:  CALL   1BF
04D4:  MOVF   7A,W
04D5:  MOVWF  46
04D6:  MOVF   79,W
04D7:  MOVWF  45
04D8:  MOVF   78,W
04D9:  MOVWF  44
04DA:  MOVF   77,W
04DB:  MOVWF  43
04DC:  DECFSZ 4A,F
04DD:  GOTO   4C5
04DE:  MOVF   46,W
04DF:  MOVWF  53
04E0:  MOVF   45,W
04E1:  MOVWF  52
04E2:  MOVF   44,W
04E3:  MOVWF  51
04E4:  MOVF   43,W
04E5:  MOVWF  50
04E6:  MOVF   50,W
04E7:  SUBLW  B6
04E8:  MOVWF  50
04E9:  CLRF   7A
04EA:  MOVF   51,W
04EB:  MOVWF  54
04EC:  BSF    51.7
04ED:  BCF    03.0
04EE:  RRF    51,F
04EF:  RRF    52,F
04F0:  RRF    53,F
04F1:  RRF    7A,F
04F2:  RRF    79,F
04F3:  RRF    78,F
04F4:  RRF    77,F
04F5:  DECFSZ 50,F
04F6:  GOTO   4ED
04F7:  BTFSS  54.7
04F8:  GOTO   504
04F9:  COMF   77,F
04FA:  COMF   78,F
04FB:  COMF   79,F
04FC:  COMF   7A,F
04FD:  INCF   77,F
04FE:  BTFSC  03.2
04FF:  INCF   78,F
0500:  BTFSC  03.2
0501:  INCF   79,F
0502:  BTFSC  03.2
0503:  INCF   7A,F
0504:  MOVF   7A,W
0505:  MOVWF  46
0506:  MOVF   79,W
0507:  MOVWF  45
0508:  MOVF   78,W
0509:  MOVWF  44
050A:  MOVF   77,W
050B:  MOVWF  43
050C:  BTFSS  46.7
050D:  GOTO   51B
050E:  DECF   48,F
050F:  BSF    48.5
0510:  COMF   43,F
0511:  COMF   44,F
0512:  COMF   45,F
0513:  COMF   46,F
0514:  INCF   43,F
0515:  BTFSC  03.2
0516:  INCF   44,F
0517:  BTFSC  03.2
0518:  INCF   45,F
0519:  BTFSC  03.2
051A:  INCF   46,F
051B:  MOVLW  3B
051C:  MOVWF  4F
051D:  MOVLW  9A
051E:  MOVWF  4E
051F:  MOVLW  CA
0520:  MOVWF  4D
0521:  CLRF   4C
0522:  MOVLW  0A
0523:  MOVWF  4A
0524:  MOVF   47,W
0525:  BTFSC  03.2
0526:  INCF   48,F
0527:  BSF    03.1
0528:  MOVLW  43
0529:  MOVWF  04
052A:  BCF    03.7
052B:  MOVF   46,W
052C:  MOVWF  53
052D:  MOVF   45,W
052E:  MOVWF  52
052F:  MOVF   44,W
0530:  MOVWF  51
0531:  MOVF   43,W
0532:  MOVWF  50
0533:  MOVF   4F,W
0534:  MOVWF  57
0535:  MOVF   4E,W
0536:  MOVWF  56
0537:  MOVF   4D,W
0538:  MOVWF  55
0539:  MOVF   4C,W
053A:  MOVWF  54
053B:  CALL   470
053C:  MOVF   78,W
053D:  MOVF   77,F
053E:  BTFSS  03.2
053F:  GOTO   553
0540:  INCF   47,W
0541:  SUBWF  4A,W
0542:  BTFSC  03.2
0543:  GOTO   553
0544:  MOVF   48,W
0545:  BTFSC  03.2
0546:  GOTO   555
0547:  ANDLW  0F
0548:  SUBWF  4A,W
0549:  BTFSC  03.2
054A:  GOTO   54D
054B:  BTFSC  03.0
054C:  GOTO   585
054D:  BTFSC  48.7
054E:  GOTO   585
054F:  BTFSC  48.6
0550:  GOTO   555
0551:  MOVLW  20
0552:  GOTO   581
0553:  MOVLW  20
0554:  ANDWF  48,F
0555:  BTFSS  48.5
0556:  GOTO   563
0557:  BCF    48.5
0558:  MOVF   47,W
0559:  BTFSS  03.2
055A:  DECF   48,F
055B:  MOVF   77,W
055C:  MOVWF  48
055D:  MOVLW  2D
055E:  MOVWF  50
055F:  CALL   13D
0560:  MOVF   48,W
0561:  MOVWF  77
0562:  CLRF   48
0563:  MOVF   47,W
0564:  SUBWF  4A,W
0565:  BTFSS  03.2
0566:  GOTO   571
0567:  MOVF   77,W
0568:  MOVWF  48
0569:  MOVLW  2E
056A:  MOVWF  50
056B:  CALL   13D
056C:  MOVF   48,W
056D:  MOVWF  77
056E:  MOVLW  20
056F:  ANDWF  48,F
0570:  MOVLW  00
0571:  MOVLW  30
0572:  BTFSS  48.5
0573:  GOTO   581
0574:  BCF    48.5
0575:  MOVF   47,W
0576:  BTFSS  03.2
0577:  DECF   48,F
0578:  MOVF   77,W
0579:  MOVWF  48
057A:  MOVLW  2D
057B:  MOVWF  50
057C:  CALL   13D
057D:  MOVF   48,W
057E:  MOVWF  77
057F:  CLRF   48
0580:  MOVLW  30
0581:  ADDWF  77,F
0582:  MOVF   77,W
0583:  MOVWF  50
0584:  CALL   13D
0585:  BCF    03.1
0586:  MOVF   4F,W
0587:  MOVWF  53
0588:  MOVF   4E,W
0589:  MOVWF  52
058A:  MOVF   4D,W
058B:  MOVWF  51
058C:  MOVF   4C,W
058D:  MOVWF  50
058E:  CLRF   57
058F:  CLRF   56
0590:  CLRF   55
0591:  MOVLW  0A
0592:  MOVWF  54
0593:  CALL   470
0594:  MOVF   7A,W
0595:  MOVWF  4F
0596:  MOVF   79,W
0597:  MOVWF  4E
0598:  MOVF   78,W
0599:  MOVWF  4D
059A:  MOVF   77,W
059B:  MOVWF  4C
059C:  DECFSZ 4A,F
059D:  GOTO   527
059E:  RETURN
059F:  MOVF   0B,W
05A0:  MOVWF  44
05A1:  BCF    0B.7
05A2:  BSF    03.5
05A3:  BSF    03.6
05A4:  BSF    0C.7
05A5:  BSF    0C.0
05A6:  NOP
05A7:  NOP
05A8:  BCF    03.5
05A9:  BCF    03.6
05AA:  BTFSC  44.7
05AB:  BSF    0B.7
05AC:  BTFSC  03.0
05AD:  GOTO   5D6
05AE:  BSF    03.6
05AF:  MOVF   0C,W
05B0:  ANDLW  7F
05B1:  BCF    03.6
05B2:  MOVWF  44
05B3:  BSF    03.6
05B4:  MOVF   0D,W
05B5:  BCF    03.6
05B6:  MOVWF  45
05B7:  BSF    03.6
05B8:  MOVF   0F,W
05B9:  BCF    03.6
05BA:  MOVWF  46
05BB:  MOVF   44,W
05BC:  MOVWF  50
05BD:  CALL   13D
05BE:  MOVF   45,W
05BF:  BSF    03.6
05C0:  MOVWF  0D
05C1:  BCF    03.6
05C2:  MOVF   46,W
05C3:  BSF    03.6
05C4:  MOVWF  0F
05C5:  BCF    03.6
05C6:  MOVF   0B,W
05C7:  MOVWF  47
05C8:  BCF    0B.7
05C9:  BSF    03.5
05CA:  BSF    03.6
05CB:  BSF    0C.7
05CC:  BSF    0C.0
05CD:  NOP
05CE:  NOP
05CF:  BCF    03.5
05D0:  BCF    03.6
05D1:  BTFSC  47.7
05D2:  BSF    0B.7
05D3:  DECFSZ 43,F
05D4:  GOTO   5D6
05D5:  GOTO   5F5
05D6:  BSF    03.6
05D7:  RLF    0C,W
05D8:  RLF    0E,W
05D9:  ANDLW  7F
05DA:  BCF    03.6
05DB:  MOVWF  44
05DC:  BSF    03.6
05DD:  MOVF   0D,W
05DE:  BCF    03.6
05DF:  MOVWF  45
05E0:  BSF    03.6
05E1:  MOVF   0F,W
05E2:  BCF    03.6
05E3:  MOVWF  46
05E4:  MOVF   44,W
05E5:  MOVWF  50
05E6:  CALL   13D
05E7:  MOVF   45,W
05E8:  BSF    03.6
05E9:  MOVWF  0D
05EA:  BCF    03.6
05EB:  MOVF   46,W
05EC:  BSF    03.6
05ED:  MOVWF  0F
05EE:  INCF   0D,F
05EF:  BTFSC  03.2
05F0:  INCF   0F,F
05F1:  BCF    03.0
05F2:  BCF    03.6
05F3:  DECFSZ 43,F
05F4:  GOTO   59F
05F5:  RETURN
.................... 
.................... #list
.................... 
.................... #device ADC=10
.................... #use delay(crystal=20000000)
*
0014:  MOVLW  51
0015:  MOVWF  04
0016:  BCF    03.7
0017:  MOVF   00,W
0018:  BTFSC  03.2
0019:  GOTO   027
001A:  MOVLW  06
001B:  MOVWF  78
001C:  CLRF   77
001D:  DECFSZ 77,F
001E:  GOTO   01D
001F:  DECFSZ 78,F
0020:  GOTO   01C
0021:  MOVLW  7B
0022:  MOVWF  77
0023:  DECFSZ 77,F
0024:  GOTO   023
0025:  DECFSZ 00,F
0026:  GOTO   01A
0027:  RETURN
.................... 
.................... 
.................... 
.................... #define LCD_RS_PIN       PIN_E0
.................... #define LCD_RW_PIN       PIN_E1
.................... #define LCD_ENABLE_PIN   PIN_E2
.................... #define LCD_DATA4        PIN_D4
.................... #define LCD_DATA5        PIN_D5
.................... #define LCD_DATA6        PIN_D6
.................... #define LCD_DATA7        PIN_D7 
.................... #include <lcd.c>
.................... ///////////////////////////////////////////////////////////////////////////////
.................... ////                             LCD.C                                     ////
.................... ////                 Driver for common LCD modules                         ////
.................... ////                                                                       ////
.................... ////  lcd_init()   Must be called before any other function.               ////
.................... ////                                                                       ////
.................... ////  lcd_putc(c)  Will display c on the next position of the LCD.         ////
.................... ////                 \a  Set cursor position to upper left                 ////
.................... ////                 \f  Clear display, set cursor to upper left           ////
.................... ////                 \n  Go to start of second line                        ////
.................... ////                 \b  Move back one position                            ////
.................... ////              If LCD_EXTENDED_NEWLINE is defined, the \n character     ////
.................... ////              will erase all remanining characters on the current      ////
.................... ////              line, and move the cursor to the beginning of the next   ////
.................... ////              line.                                                    ////
.................... ////              If LCD_EXTENDED_NEWLINE is defined, the \r character     ////
.................... ////              will move the cursor to the start of the current         ////
.................... ////              line.                                                    ////
.................... ////                                                                       ////
.................... ////  lcd_gotoxy(x,y) Set write position on LCD (upper left is 1,1)        ////
.................... ////                                                                       ////
.................... ////  lcd_getc(x,y)   Returns character at position x,y on LCD             ////
.................... ////                                                                       ////
.................... ////  lcd_cursor_on(int1 on)   Turn the cursor on (on=TRUE) or off         ////
.................... ////              (on=FALSE).                                              ////
.................... ////                                                                       ////
.................... ////  lcd_set_cgram_char(w, *p)   Write a custom character to the CGRAM.   ////
.................... ////                                                                       ////
.................... ////                                                                       ////
.................... ////  CONFIGURATION                                                        ////
.................... ////  The LCD can be configured in one of two ways: a.) port access or     ////
.................... ////  b.) pin access.  Port access requires the entire 7 bit interface     ////
.................... ////  connected to one GPIO port, and the data bits (D4:D7 of the LCD)     ////
.................... ////  connected to sequential pins on the GPIO.  Pin access                ////
.................... ////  has no requirements, all 7 bits of the control interface can         ////
.................... ////  can be connected to any GPIO using several ports.                    ////
.................... ////                                                                       ////
.................... ////  To use port access, #define LCD_DATA_PORT to the SFR location of     ////
.................... ////  of the GPIO port that holds the interface, -AND- edit LCD_PIN_MAP    ////
.................... ////  of this file to configure the pin order.  If you are using a         ////
.................... ////  baseline PIC (PCB), then LCD_OUTPUT_MAP and LCD_INPUT_MAP also must  ////
.................... ////  be defined.                                                          ////
.................... ////                                                                       ////
.................... ////  Example of port access:                                              ////
.................... ////     #define LCD_DATA_PORT getenv("SFR:PORTD")                         ////
.................... ////                                                                       ////
.................... ////  To use pin access, the following pins must be defined:               ////
.................... ////     LCD_ENABLE_PIN                                                    ////
.................... ////     LCD_RS_PIN                                                        ////
.................... ////     LCD_RW_PIN                                                        ////
.................... ////     LCD_DATA4                                                         ////
.................... ////     LCD_DATA5                                                         ////
.................... ////     LCD_DATA6                                                         ////
.................... ////     LCD_DATA7                                                         ////
.................... ////                                                                       ////
.................... ////  Example of pin access:                                               ////
.................... ////     #define LCD_ENABLE_PIN  PIN_E0                                    ////
.................... ////     #define LCD_RS_PIN      PIN_E1                                    ////
.................... ////     #define LCD_RW_PIN      PIN_E2                                    ////
.................... ////     #define LCD_DATA4       PIN_D4                                    ////
.................... ////     #define LCD_DATA5       PIN_D5                                    ////
.................... ////     #define LCD_DATA6       PIN_D6                                    ////
.................... ////     #define LCD_DATA7       PIN_D7                                    ////
.................... ////                                                                       ////
.................... ///////////////////////////////////////////////////////////////////////////////
.................... ////        (C) Copyright 1996,2010 Custom Computer Services           ////
.................... //// This source code may only be used by licensed users of the CCS C  ////
.................... //// compiler.  This source code may only be distributed to other      ////
.................... //// licensed users of the CCS C compiler.  No other use, reproduction ////
.................... //// or distribution is permitted without written permission.          ////
.................... //// Derivative programs created using this software in object code    ////
.................... //// form are not restricted in any way.                               ////
.................... ///////////////////////////////////////////////////////////////////////////
.................... 
.................... #ifndef __LCD_C__
.................... #define __LCD_C__
.................... 
.................... // define the pinout.
.................... // only required if port access is being used.
.................... typedef struct  
.................... {                            // This structure is overlayed
....................    int1 enable;           // on to an I/O port to gain
....................    int1 rs;               // access to the LCD pins.
....................    int1 rw;               // The bits are allocated from
....................    int1 unused;           // low order up.  ENABLE will
....................    unsigned int     data : 4;         // be LSB pin of that port.
....................   #if defined(__PCD__)       // The port used will be LCD_DATA_PORT.
....................    unsigned int    reserved: 8;
....................   #endif
.................... } LCD_PIN_MAP;
.................... 
.................... // this is to improve compatability with previous LCD drivers that accepted
.................... // a define labeled 'use_portb_lcd' that configured the LCD onto port B.
.................... #if ((defined(use_portb_lcd)) && (use_portb_lcd==TRUE))
....................  #define LCD_DATA_PORT getenv("SFR:PORTB")
.................... #endif
.................... 
.................... #if defined(__PCB__)
....................    // these definitions only need to be modified for baseline PICs.
....................    // all other PICs use LCD_PIN_MAP or individual LCD_xxx pin definitions.
.................... /*                                    EN, RS,   RW,   UNUSED,  DATA  */
....................  const LCD_PIN_MAP LCD_OUTPUT_MAP =  {0,  0,    0,    0,       0};
....................  const LCD_PIN_MAP LCD_INPUT_MAP =   {0,  0,    0,    0,       0xF};
.................... #endif
.................... 
.................... ////////////////////// END CONFIGURATION ///////////////////////////////////
.................... 
.................... #ifndef LCD_ENABLE_PIN
....................    #define lcd_output_enable(x) lcdlat.enable=x
....................    #define lcd_enable_tris()   lcdtris.enable=0
.................... #else
....................    #define lcd_output_enable(x) output_bit(LCD_ENABLE_PIN, x)
....................    #define lcd_enable_tris()  output_drive(LCD_ENABLE_PIN)
.................... #endif
.................... 
.................... #ifndef LCD_RS_PIN
....................    #define lcd_output_rs(x) lcdlat.rs=x
....................    #define lcd_rs_tris()   lcdtris.rs=0
.................... #else
....................    #define lcd_output_rs(x) output_bit(LCD_RS_PIN, x)
....................    #define lcd_rs_tris()  output_drive(LCD_RS_PIN)
.................... #endif
.................... 
.................... #ifndef LCD_RW_PIN
....................    #define lcd_output_rw(x) lcdlat.rw=x
....................    #define lcd_rw_tris()   lcdtris.rw=0
.................... #else
....................    #define lcd_output_rw(x) output_bit(LCD_RW_PIN, x)
....................    #define lcd_rw_tris()  output_drive(LCD_RW_PIN)
.................... #endif
.................... 
.................... // original version of this library incorrectly labeled LCD_DATA0 as LCD_DATA4,
.................... // LCD_DATA1 as LCD_DATA5, and so on.  this block of code makes the driver
.................... // compatible with any code written for the original library
.................... #if (defined(LCD_DATA0) && defined(LCD_DATA1) && defined(LCD_DATA2) && defined(LCD_DATA3) && !defined(LCD_DATA4) && !defined(LCD_DATA5) && !defined(LCD_DATA6) && !defined(LCD_DATA7))
....................    #define  LCD_DATA4    LCD_DATA0
....................    #define  LCD_DATA5    LCD_DATA1
....................    #define  LCD_DATA6    LCD_DATA2
....................    #define  LCD_DATA7    LCD_DATA3
.................... #endif
.................... 
.................... #ifndef LCD_DATA4
.................... #ifndef LCD_DATA_PORT
....................    #if defined(__PCB__)
....................       #define LCD_DATA_PORT      0x06     //portb
....................       #define set_tris_lcd(x)   set_tris_b(x)
....................    #else
....................      #if defined(PIN_D0)
....................       #define LCD_DATA_PORT      getenv("SFR:PORTD")     //portd
....................      #else
....................       #define LCD_DATA_PORT      getenv("SFR:PORTB")     //portb
....................      #endif
....................    #endif   
.................... #endif
.................... 
.................... #if defined(__PCB__)
....................    LCD_PIN_MAP lcd, lcdlat;
....................    #byte lcd = LCD_DATA_PORT
....................    #byte lcdlat = LCD_DATA_PORT
.................... #elif defined(__PCM__)
....................    LCD_PIN_MAP lcd, lcdlat, lcdtris;
....................    #byte lcd = LCD_DATA_PORT
....................    #byte lcdlat = LCD_DATA_PORT
....................    #byte lcdtris = LCD_DATA_PORT+0x80
.................... #elif defined(__PCH__)
....................    LCD_PIN_MAP lcd, lcdlat, lcdtris;
....................    #byte lcd = LCD_DATA_PORT
....................    #byte lcdlat = LCD_DATA_PORT+9
....................    #byte lcdtris = LCD_DATA_PORT+0x12
.................... #elif defined(__PCD__)
....................    LCD_PIN_MAP lcd, lcdlat, lcdtris;
....................    #word lcd = LCD_DATA_PORT
....................    #word lcdlat = LCD_DATA_PORT+2
....................    #word lcdtris = LCD_DATA_PORT-0x02
.................... #endif
.................... #endif   //LCD_DATA4 not defined
.................... 
.................... #ifndef LCD_TYPE
....................    #define LCD_TYPE 2           // 0=5x7, 1=5x10, 2=2 lines
.................... #endif
.................... 
.................... #ifndef LCD_LINE_TWO
....................    #define LCD_LINE_TWO 0x40    // LCD RAM address for the second line
.................... #endif
.................... 
.................... #ifndef LCD_LINE_LENGTH
....................    #define LCD_LINE_LENGTH 20
.................... #endif
.................... 
.................... unsigned int8 lcd_read_nibble(void);
.................... 
.................... unsigned int8 lcd_read_byte(void)
.................... {
....................    unsigned int8 low,high;
.................... 
....................  #if defined(__PCB__)
....................    set_tris_lcd(LCD_INPUT_MAP);
....................  #else
....................   #if (defined(LCD_DATA4) && defined(LCD_DATA5) && defined(LCD_DATA6) && defined(LCD_DATA7))
....................    output_float(LCD_DATA4);
*
008F:  BSF    08.4
....................    output_float(LCD_DATA5);
0090:  BSF    08.5
....................    output_float(LCD_DATA6);
0091:  BSF    08.6
....................    output_float(LCD_DATA7);
0092:  BSF    08.7
....................   #else
....................    lcdtris.data = 0xF;
....................   #endif
....................  #endif
....................         
....................    lcd_output_rw(1);
0093:  BCF    03.5
0094:  BSF    09.1
0095:  BSF    03.5
0096:  BCF    09.1
....................    delay_cycles(1);
0097:  NOP
....................    lcd_output_enable(1);
0098:  BCF    03.5
0099:  BSF    09.2
009A:  BSF    03.5
009B:  BCF    09.2
....................    delay_cycles(1);
009C:  NOP
....................    high = lcd_read_nibble();
009D:  BCF    03.5
009E:  CALL   056
009F:  MOVF   78,W
00A0:  MOVWF  58
....................       
....................    lcd_output_enable(0);
00A1:  BCF    09.2
00A2:  BSF    03.5
00A3:  BCF    09.2
....................    delay_cycles(1);
00A4:  NOP
....................    lcd_output_enable(1);
00A5:  BCF    03.5
00A6:  BSF    09.2
00A7:  BSF    03.5
00A8:  BCF    09.2
....................    delay_us(1);
00A9:  GOTO   0AA
00AA:  GOTO   0AB
00AB:  NOP
....................    low = lcd_read_nibble();
00AC:  BCF    03.5
00AD:  CALL   056
00AE:  MOVF   78,W
00AF:  MOVWF  57
....................       
....................    lcd_output_enable(0);
00B0:  BCF    09.2
00B1:  BSF    03.5
00B2:  BCF    09.2
.................... 
....................  #if defined(__PCB__)
....................    set_tris_lcd(LCD_OUTPUT_MAP);
....................  #else
....................   #if (defined(LCD_DATA4) && defined(LCD_DATA5) && defined(LCD_DATA6) && defined(LCD_DATA7))
....................    output_drive(LCD_DATA4);
00B3:  BCF    08.4
....................    output_drive(LCD_DATA5);
00B4:  BCF    08.5
....................    output_drive(LCD_DATA6);
00B5:  BCF    08.6
....................    output_drive(LCD_DATA7);
00B6:  BCF    08.7
....................   #else
....................    lcdtris.data = 0x0;
....................   #endif
....................  #endif
.................... 
....................    return( (high<<4) | low);
00B7:  BCF    03.5
00B8:  SWAPF  58,W
00B9:  MOVWF  77
00BA:  MOVLW  F0
00BB:  ANDWF  77,F
00BC:  MOVF   77,W
00BD:  IORWF  57,W
00BE:  MOVWF  78
.................... }
.................... 
.................... unsigned int8 lcd_read_nibble(void)
.................... {
....................   #if (defined(LCD_DATA4) && defined(LCD_DATA5) && defined(LCD_DATA6) && defined(LCD_DATA7))
*
0056:  CLRF   59
....................    unsigned int8 n = 0x00;
.................... 
....................    /* Read the data port */
....................    n |= input(LCD_DATA4);
0057:  BSF    03.5
0058:  BSF    08.4
0059:  MOVLW  00
005A:  BCF    03.5
005B:  BTFSC  08.4
005C:  MOVLW  01
005D:  IORWF  59,F
....................    n |= input(LCD_DATA5) << 1;
005E:  BSF    03.5
005F:  BSF    08.5
0060:  MOVLW  00
0061:  BCF    03.5
0062:  BTFSC  08.5
0063:  MOVLW  01
0064:  MOVWF  77
0065:  BCF    03.0
0066:  RLF    77,F
0067:  MOVF   77,W
0068:  IORWF  59,F
....................    n |= input(LCD_DATA6) << 2;
0069:  BSF    03.5
006A:  BSF    08.6
006B:  MOVLW  00
006C:  BCF    03.5
006D:  BTFSC  08.6
006E:  MOVLW  01
006F:  MOVWF  77
0070:  RLF    77,F
0071:  RLF    77,F
0072:  MOVLW  FC
0073:  ANDWF  77,F
0074:  MOVF   77,W
0075:  IORWF  59,F
....................    n |= input(LCD_DATA7) << 3;
0076:  BSF    03.5
0077:  BSF    08.7
0078:  MOVLW  00
0079:  BCF    03.5
007A:  BTFSC  08.7
007B:  MOVLW  01
007C:  MOVWF  77
007D:  RLF    77,F
007E:  RLF    77,F
007F:  RLF    77,F
0080:  MOVLW  F8
0081:  ANDWF  77,F
0082:  MOVF   77,W
0083:  IORWF  59,F
....................    
....................    return(n);
0084:  MOVF   59,W
0085:  MOVWF  78
....................   #else
0086:  RETURN
....................    return(lcd.data);
....................   #endif
.................... }
.................... 
.................... void lcd_send_nibble(unsigned int8 n)
.................... {
....................   #if (defined(LCD_DATA4) && defined(LCD_DATA5) && defined(LCD_DATA6) && defined(LCD_DATA7))
....................    /* Write to the data port */
....................    output_bit(LCD_DATA4, bit_test(n, 0));
*
0028:  BTFSC  58.0
0029:  GOTO   02C
002A:  BCF    08.4
002B:  GOTO   02D
002C:  BSF    08.4
002D:  BSF    03.5
002E:  BCF    08.4
....................    output_bit(LCD_DATA5, bit_test(n, 1));
002F:  BCF    03.5
0030:  BTFSC  58.1
0031:  GOTO   034
0032:  BCF    08.5
0033:  GOTO   035
0034:  BSF    08.5
0035:  BSF    03.5
0036:  BCF    08.5
....................    output_bit(LCD_DATA6, bit_test(n, 2));
0037:  BCF    03.5
0038:  BTFSC  58.2
0039:  GOTO   03C
003A:  BCF    08.6
003B:  GOTO   03D
003C:  BSF    08.6
003D:  BSF    03.5
003E:  BCF    08.6
....................    output_bit(LCD_DATA7, bit_test(n, 3));
003F:  BCF    03.5
0040:  BTFSC  58.3
0041:  GOTO   044
0042:  BCF    08.7
0043:  GOTO   045
0044:  BSF    08.7
0045:  BSF    03.5
0046:  BCF    08.7
....................   #else      
....................    lcdlat.data = n;
....................   #endif
....................       
....................    delay_cycles(1);
0047:  NOP
....................    lcd_output_enable(1);
0048:  BCF    03.5
0049:  BSF    09.2
004A:  BSF    03.5
004B:  BCF    09.2
....................    delay_us(2);
004C:  MOVLW  03
004D:  MOVWF  77
004E:  DECFSZ 77,F
004F:  GOTO   04E
....................    lcd_output_enable(0);
0050:  BCF    03.5
0051:  BCF    09.2
0052:  BSF    03.5
0053:  BCF    09.2
0054:  BCF    03.5
0055:  RETURN
.................... }
.................... 
.................... void lcd_send_byte(unsigned int8 address, unsigned int8 n)
.................... {
....................   #if defined(__PCB__)
....................    set_tris_lcd(LCD_OUTPUT_MAP);
....................   #else
....................    lcd_enable_tris();
*
0087:  BSF    03.5
0088:  BCF    09.2
....................    lcd_rs_tris();
0089:  BCF    09.0
....................    lcd_rw_tris();
008A:  BCF    09.1
....................   #endif
.................... 
....................    lcd_output_rs(0);
008B:  BCF    03.5
008C:  BCF    09.0
008D:  BSF    03.5
008E:  BCF    09.0
....................    while ( bit_test(lcd_read_byte(),7) ) ;
*
00BF:  MOVF   78,W
00C0:  MOVWF  57
00C1:  BTFSS  57.7
00C2:  GOTO   0C5
00C3:  BSF    03.5
00C4:  GOTO   08F
....................    lcd_output_rs(address);
00C5:  MOVF   55,F
00C6:  BTFSS  03.2
00C7:  GOTO   0CA
00C8:  BCF    09.0
00C9:  GOTO   0CB
00CA:  BSF    09.0
00CB:  BSF    03.5
00CC:  BCF    09.0
....................    delay_cycles(1);
00CD:  NOP
....................    lcd_output_rw(0);
00CE:  BCF    03.5
00CF:  BCF    09.1
00D0:  BSF    03.5
00D1:  BCF    09.1
....................    delay_cycles(1);
00D2:  NOP
....................    lcd_output_enable(0);
00D3:  BCF    03.5
00D4:  BCF    09.2
00D5:  BSF    03.5
00D6:  BCF    09.2
....................    lcd_send_nibble(n >> 4);
00D7:  BCF    03.5
00D8:  SWAPF  56,W
00D9:  MOVWF  57
00DA:  MOVLW  0F
00DB:  ANDWF  57,F
00DC:  MOVF   57,W
00DD:  MOVWF  58
00DE:  CALL   028
....................    lcd_send_nibble(n & 0xf);
00DF:  MOVF   56,W
00E0:  ANDLW  0F
00E1:  MOVWF  57
00E2:  MOVWF  58
00E3:  CALL   028
00E4:  RETURN
.................... }
.................... 
.................... #if defined(LCD_EXTENDED_NEWLINE)
.................... unsigned int8 g_LcdX, g_LcdY;
.................... #endif
.................... 
.................... void lcd_init(void) 
.................... {
....................    unsigned int8 i;
....................    unsigned int8 LCD_INIT_STRING[4] = {0x20 | (LCD_TYPE << 2), 0xc, 1, 6};
00E5:  MOVLW  28
00E6:  MOVWF  44
00E7:  MOVLW  0C
00E8:  MOVWF  45
00E9:  MOVLW  01
00EA:  MOVWF  46
00EB:  MOVLW  06
00EC:  MOVWF  47
....................                              // These bytes need to be sent to the LCD
....................                              // to start it up.
....................    
.................... 
....................    lcd_output_enable(0);
00ED:  BCF    09.2
00EE:  BSF    03.5
00EF:  BCF    09.2
....................    lcd_output_rs(0);
00F0:  BCF    03.5
00F1:  BCF    09.0
00F2:  BSF    03.5
00F3:  BCF    09.0
....................    lcd_output_rw(0);
00F4:  BCF    03.5
00F5:  BCF    09.1
00F6:  BSF    03.5
00F7:  BCF    09.1
.................... 
....................  #if defined(__PCB__)
....................    set_tris_lcd(LCD_OUTPUT_MAP);
....................  #else
....................   #if (defined(LCD_DATA4) && defined(LCD_DATA5) && defined(LCD_DATA6) && defined(LCD_DATA7))
....................    output_drive(LCD_DATA4);
00F8:  BCF    08.4
....................    output_drive(LCD_DATA5);
00F9:  BCF    08.5
....................    output_drive(LCD_DATA6);
00FA:  BCF    08.6
....................    output_drive(LCD_DATA7);
00FB:  BCF    08.7
....................   #else
....................    lcdtris.data = 0x0;
....................   #endif
....................    lcd_enable_tris();
00FC:  BCF    09.2
....................    lcd_rs_tris();
00FD:  BCF    09.0
....................    lcd_rw_tris();
00FE:  BCF    09.1
....................  #endif
....................     
....................    delay_ms(15);
00FF:  MOVLW  0F
0100:  BCF    03.5
0101:  MOVWF  51
0102:  CALL   014
....................    for(i=1;i<=3;++i)
0103:  MOVLW  01
0104:  MOVWF  43
0105:  MOVF   43,W
0106:  SUBLW  03
0107:  BTFSS  03.0
0108:  GOTO   111
....................    {
....................        lcd_send_nibble(3);
0109:  MOVLW  03
010A:  MOVWF  58
010B:  CALL   028
....................        delay_ms(5);
010C:  MOVLW  05
010D:  MOVWF  51
010E:  CALL   014
010F:  INCF   43,F
0110:  GOTO   105
....................    }
....................    
....................    lcd_send_nibble(2);
0111:  MOVLW  02
0112:  MOVWF  58
0113:  CALL   028
....................    delay_ms(5);
0114:  MOVLW  05
0115:  MOVWF  51
0116:  CALL   014
....................    for(i=0;i<=3;++i)
0117:  CLRF   43
0118:  MOVF   43,W
0119:  SUBLW  03
011A:  BTFSS  03.0
011B:  GOTO   128
....................       lcd_send_byte(0,LCD_INIT_STRING[i]);
011C:  MOVLW  44
011D:  ADDWF  43,W
011E:  MOVWF  04
011F:  BCF    03.7
0120:  MOVF   00,W
0121:  MOVWF  48
0122:  CLRF   55
0123:  MOVF   48,W
0124:  MOVWF  56
0125:  CALL   087
.................... 
....................   #if defined(LCD_EXTENDED_NEWLINE)
0126:  INCF   43,F
0127:  GOTO   118
0128:  BCF    0A.3
0129:  BCF    0A.4
012A:  GOTO   68B (RETURN)
....................    g_LcdX = 0;
....................    g_LcdY = 0;
....................   #endif
.................... }
.................... 
.................... void lcd_gotoxy(unsigned int8 x, unsigned int8 y)
.................... {
....................    unsigned int8 address;
....................    
....................    if(y!=1)
012B:  DECFSZ 52,W
012C:  GOTO   12E
012D:  GOTO   131
....................       address=LCD_LINE_TWO;
012E:  MOVLW  40
012F:  MOVWF  53
0130:  GOTO   132
....................    else
....................       address=0;
0131:  CLRF   53
....................      
....................    address+=x-1;
0132:  MOVLW  01
0133:  SUBWF  51,W
0134:  ADDWF  53,F
....................    lcd_send_byte(0,0x80|address);
0135:  MOVF   53,W
0136:  IORLW  80
0137:  MOVWF  54
0138:  CLRF   55
0139:  MOVF   54,W
013A:  MOVWF  56
013B:  CALL   087
.................... 
....................   #if defined(LCD_EXTENDED_NEWLINE)
013C:  RETURN
....................    g_LcdX = x - 1;
....................    g_LcdY = y - 1;
....................   #endif
.................... }
.................... 
.................... void lcd_putc(char c)
.................... {
....................    switch (c)
013D:  MOVF   50,W
013E:  XORLW  07
013F:  BTFSC  03.2
0140:  GOTO   14B
0141:  XORLW  0B
0142:  BTFSC  03.2
0143:  GOTO   150
0144:  XORLW  06
0145:  BTFSC  03.2
0146:  GOTO   158
0147:  XORLW  02
0148:  BTFSC  03.2
0149:  GOTO   15E
014A:  GOTO   163
....................    {
....................       case '\a'   :  lcd_gotoxy(1,1);     break;
014B:  MOVLW  01
014C:  MOVWF  51
014D:  MOVWF  52
014E:  CALL   12B
014F:  GOTO   168
.................... 
....................       case '\f'   :  lcd_send_byte(0,1);
0150:  CLRF   55
0151:  MOVLW  01
0152:  MOVWF  56
0153:  CALL   087
....................                      delay_ms(2);
0154:  MOVLW  02
0155:  MOVWF  51
0156:  CALL   014
....................                     #if defined(LCD_EXTENDED_NEWLINE)
....................                      g_LcdX = 0;
....................                      g_LcdY = 0;
....................                     #endif
....................                      break;
0157:  GOTO   168
.................... 
....................      #if defined(LCD_EXTENDED_NEWLINE)
....................       case '\r'   :  lcd_gotoxy(1, g_LcdY+1);   break;
....................       case '\n'   :
....................          while (g_LcdX++ < LCD_LINE_LENGTH)
....................          {
....................             lcd_send_byte(1, ' ');
....................          }
....................          lcd_gotoxy(1, g_LcdY+2);
....................          break;
....................      #else
....................       case '\n'   : lcd_gotoxy(1,2);        break;
0158:  MOVLW  01
0159:  MOVWF  51
015A:  MOVLW  02
015B:  MOVWF  52
015C:  CALL   12B
015D:  GOTO   168
....................      #endif
....................      
....................       case '\b'   : lcd_send_byte(0,0x10);  break;
015E:  CLRF   55
015F:  MOVLW  10
0160:  MOVWF  56
0161:  CALL   087
0162:  GOTO   168
....................      
....................      #if defined(LCD_EXTENDED_NEWLINE)
....................       default     : 
....................          if (g_LcdX < LCD_LINE_LENGTH)
....................          {
....................             lcd_send_byte(1, c);
....................             g_LcdX++;
....................          }
....................          break;
....................      #else
....................       default     : lcd_send_byte(1,c);     break;
0163:  MOVLW  01
0164:  MOVWF  55
0165:  MOVF   50,W
0166:  MOVWF  56
0167:  CALL   087
....................      #endif
....................    }
0168:  RETURN
.................... }
....................  
.................... char lcd_getc(unsigned int8 x, unsigned int8 y)
.................... {
....................    char value;
.................... 
....................    lcd_gotoxy(x,y);
....................    while ( bit_test(lcd_read_byte(),7) ); // wait until busy flag is low
....................    lcd_output_rs(1);
....................    value = lcd_read_byte();
....................    lcd_output_rs(0);
....................    
....................    return(value);
.................... }
.................... 
.................... // write a custom character to the ram
.................... // which is 0-7 and specifies which character array we are modifying.
.................... // ptr points to an array of 8 bytes, where each byte is the next row of
.................... //    pixels.  only bits 0-4 are used.  the last row is the cursor row, and
.................... //    usually you will want to leave this byte 0x00.
.................... void lcd_set_cgram_char(unsigned int8 which, unsigned int8 *ptr)
.................... {
....................    unsigned int i;
.................... 
....................    which <<= 3;
....................    which &= 0x38;
.................... 
....................    lcd_send_byte(0, 0x40 | which);  //set cgram address
.................... 
....................    for(i=0; i<8; i++)
....................    {
....................       lcd_send_byte(1, *ptr++);
....................    }
....................   
....................    #if defined(LCD_EXTENDED_NEWLINE)
....................     lcd_gotoxy(g_LcdX+1, g_LcdY+1);  //set ddram address
....................    #endif
.................... }
.................... 
.................... void lcd_cursor_on(int1 on)
.................... {
....................    if (on)
....................    {
....................       lcd_send_byte(0,0x0F);           //turn LCD cursor ON
....................    }
....................    else
....................    {
....................       lcd_send_byte(0,0x0C);           //turn LCD cursor OFF
....................    }
.................... }
.................... 
.................... #endif
.................... 
.................... 
.................... #define TRIGGER_1   PIN_C0
.................... #define ECHO_1      input(PIN_C1)
.................... 
.................... #define TRIGGER_2   PIN_C2
.................... #define ECHO_2      input(PIN_C3)
.................... 
.................... #define TRIGGER_3   PIN_C4
.................... #define ECHO_3      input(PIN_C5)
.................... 
.................... #define TRIGGER_4   PIN_C6
.................... #define ECHO_4      input(PIN_C7)
.................... 
.................... float distance[4], time[4]; 
.................... 
.................... // Hàm ðo kho?ng cách t? c?m bi?n siêu âm
.................... float measure_distance(int sensor)
.................... {
....................     switch(sensor) {
*
0234:  MOVLW  01
0235:  SUBWF  43,W
0236:  ADDLW  FC
0237:  BTFSC  03.0
0238:  GOTO   256
0239:  ADDLW  04
023A:  GOTO   450
....................         case 1:
....................             output_high(TRIGGER_1);  
023B:  BCF    40.0
023C:  MOVF   40,W
023D:  BSF    03.5
023E:  MOVWF  07
023F:  BCF    03.5
0240:  BSF    07.0
....................             break;
0241:  GOTO   256
....................         case 2:
....................             output_high(TRIGGER_2);   // B?t Trigger c?a c?m bi?n 2
0242:  BCF    40.2
0243:  MOVF   40,W
0244:  BSF    03.5
0245:  MOVWF  07
0246:  BCF    03.5
0247:  BSF    07.2
....................             break;
0248:  GOTO   256
....................         case 3:
....................             output_high(TRIGGER_3);   // B?t Trigger c?a c?m bi?n 3
0249:  BCF    40.4
024A:  MOVF   40,W
024B:  BSF    03.5
024C:  MOVWF  07
024D:  BCF    03.5
024E:  BSF    07.4
....................             break;
024F:  GOTO   256
....................         case 4:
....................             output_high(TRIGGER_4);   // B?t Trigger c?a c?m bi?n 4
0250:  BCF    40.6
0251:  MOVF   40,W
0252:  BSF    03.5
0253:  MOVWF  07
0254:  BCF    03.5
0255:  BSF    07.6
....................             break;
....................     }
....................     delay_ms(50);
0256:  MOVLW  32
0257:  MOVWF  51
0258:  CALL   014
....................     switch(sensor) 
0259:  MOVLW  01
025A:  SUBWF  43,W
025B:  ADDLW  FC
025C:  BTFSC  03.0
025D:  GOTO   27B
025E:  ADDLW  04
025F:  GOTO   458
....................     {
....................         case 1:
....................             output_low(TRIGGER_1);    // T?t Trigger c?a c?m bi?n 1
0260:  BCF    40.0
0261:  MOVF   40,W
0262:  BSF    03.5
0263:  MOVWF  07
0264:  BCF    03.5
0265:  BCF    07.0
....................             break;
0266:  GOTO   27B
....................         case 2:
....................             output_low(TRIGGER_2);    // T?t Trigger c?a c?m bi?n 2
0267:  BCF    40.2
0268:  MOVF   40,W
0269:  BSF    03.5
026A:  MOVWF  07
026B:  BCF    03.5
026C:  BCF    07.2
....................             break;
026D:  GOTO   27B
....................         case 3:
....................             output_low(TRIGGER_3);    // T?t Trigger c?a c?m bi?n 3
026E:  BCF    40.4
026F:  MOVF   40,W
0270:  BSF    03.5
0271:  MOVWF  07
0272:  BCF    03.5
0273:  BCF    07.4
....................             break;
0274:  GOTO   27B
....................         case 4:
....................             output_low(TRIGGER_4);    // T?t Trigger c?a c?m bi?n 4
0275:  BCF    40.6
0276:  MOVF   40,W
0277:  BSF    03.5
0278:  MOVWF  07
0279:  BCF    03.5
027A:  BCF    07.6
....................             break;
....................     }
.................... 
....................     switch(sensor) 
027B:  MOVLW  01
027C:  SUBWF  43,W
027D:  ADDLW  FC
027E:  BTFSC  03.0
027F:  GOTO   2A1
0280:  ADDLW  04
0281:  GOTO   460
....................     {
....................         case 1:
....................             while(ECHO_1 == 0) {}
0282:  BSF    40.1
0283:  MOVF   40,W
0284:  BSF    03.5
0285:  MOVWF  07
0286:  BCF    03.5
0287:  BTFSS  07.1
0288:  GOTO   282
....................             break;
0289:  GOTO   2A1
....................         case 2:
....................             while(ECHO_2 == 0) {}
028A:  BSF    40.3
028B:  MOVF   40,W
028C:  BSF    03.5
028D:  MOVWF  07
028E:  BCF    03.5
028F:  BTFSS  07.3
0290:  GOTO   28A
....................             break;
0291:  GOTO   2A1
....................         case 3:
....................             while(ECHO_3 == 0) {}
0292:  BSF    40.5
0293:  MOVF   40,W
0294:  BSF    03.5
0295:  MOVWF  07
0296:  BCF    03.5
0297:  BTFSS  07.5
0298:  GOTO   292
....................             break;
0299:  GOTO   2A1
....................         case 4:
....................             while(ECHO_4 == 0) {}
029A:  BSF    40.7
029B:  MOVF   40,W
029C:  BSF    03.5
029D:  MOVWF  07
029E:  BCF    03.5
029F:  BTFSS  07.7
02A0:  GOTO   29A
....................             break;
....................     }
.................... 
....................     setup_timer_1(T1_INTERNAL | T1_DIV_BY_8);
02A1:  MOVLW  B5
02A2:  MOVWF  10
....................     set_timer1(0);
02A3:  CLRF   0E
02A4:  CLRF   0F
02A5:  CLRF   0E
02A6:  NOP
.................... 
....................     switch(sensor) 
02A7:  MOVLW  01
02A8:  SUBWF  43,W
02A9:  ADDLW  FC
02AA:  BTFSC  03.0
02AB:  GOTO   2CD
02AC:  ADDLW  04
02AD:  GOTO   468
....................     {
....................         case 1:
....................             while(ECHO_1 == 1) {}
02AE:  BSF    40.1
02AF:  MOVF   40,W
02B0:  BSF    03.5
02B1:  MOVWF  07
02B2:  BCF    03.5
02B3:  BTFSC  07.1
02B4:  GOTO   2AE
....................             break;
02B5:  GOTO   2CD
....................         case 2:
....................             while(ECHO_2 == 1) {}
02B6:  BSF    40.3
02B7:  MOVF   40,W
02B8:  BSF    03.5
02B9:  MOVWF  07
02BA:  BCF    03.5
02BB:  BTFSC  07.3
02BC:  GOTO   2B6
....................             break;
02BD:  GOTO   2CD
....................         case 3:
....................             while(ECHO_3 == 1) {}
02BE:  BSF    40.5
02BF:  MOVF   40,W
02C0:  BSF    03.5
02C1:  MOVWF  07
02C2:  BCF    03.5
02C3:  BTFSC  07.5
02C4:  GOTO   2BE
....................             break;
02C5:  GOTO   2CD
....................         case 4:
....................             while(ECHO_4 == 1) {}
02C6:  BSF    40.7
02C7:  MOVF   40,W
02C8:  BSF    03.5
02C9:  MOVWF  07
02CA:  BCF    03.5
02CB:  BTFSC  07.7
02CC:  GOTO   2C6
....................             break;
....................     }
.................... 
....................     setup_timer_1(T1_DISABLED);
02CD:  CLRF   10
.................... 
....................     time[sensor - 1] = get_timer1() * 1.6f;  
02CE:  MOVLW  01
02CF:  SUBWF  43,W
02D0:  MOVWF  77
02D1:  RLF    77,F
02D2:  RLF    77,F
02D3:  MOVLW  FC
02D4:  ANDWF  77,F
02D5:  MOVF   77,W
02D6:  ADDLW  30
02D7:  MOVWF  04
02D8:  BCF    03.7
02D9:  MOVF   0F,W
02DA:  MOVWF  7A
02DB:  MOVF   0E,W
02DC:  MOVWF  77
02DD:  MOVF   0F,W
02DE:  SUBWF  7A,W
02DF:  BTFSS  03.2
02E0:  GOTO   2D9
02E1:  MOVF   77,W
02E2:  MOVWF  46
02E3:  MOVF   7A,W
02E4:  MOVWF  47
02E5:  MOVF   47,W
02E6:  MOVWF  49
02E7:  MOVF   46,W
02E8:  MOVWF  48
*
0305:  MOVF   7A,W
0306:  MOVWF  53
0307:  MOVF   79,W
0308:  MOVWF  52
0309:  MOVF   78,W
030A:  MOVWF  51
030B:  MOVF   77,W
030C:  MOVWF  50
030D:  MOVLW  CD
030E:  MOVWF  57
030F:  MOVLW  CC
0310:  MOVWF  56
0311:  MOVLW  4C
0312:  MOVWF  55
0313:  MOVLW  7F
0314:  MOVWF  54
0315:  CALL   1BF
0316:  MOVF   77,W
0317:  MOVWF  00
0318:  INCF   04,F
0319:  MOVF   78,W
031A:  MOVWF  00
031B:  INCF   04,F
031C:  MOVF   79,W
031D:  MOVWF  00
031E:  INCF   04,F
031F:  MOVF   7A,W
0320:  MOVWF  00
....................     distance[sensor - 1] = (float)time[sensor - 1] / 58.0f; 
0321:  MOVLW  01
0322:  SUBWF  43,W
0323:  MOVWF  77
0324:  RLF    77,F
0325:  RLF    77,F
0326:  MOVLW  FC
0327:  ANDWF  77,F
0328:  MOVF   77,W
0329:  ADDLW  20
032A:  MOVWF  78
032B:  CLRF   7A
032C:  BTFSC  03.0
032D:  INCF   7A,F
032E:  MOVF   78,W
032F:  MOVWF  44
0330:  MOVF   7A,W
0331:  MOVWF  45
0332:  MOVLW  01
0333:  SUBWF  43,W
0334:  MOVWF  77
0335:  RLF    77,F
0336:  RLF    77,F
0337:  MOVLW  FC
0338:  ANDWF  77,F
0339:  MOVF   77,W
033A:  ADDLW  30
033B:  MOVWF  04
033C:  BCF    03.7
033D:  MOVF   00,W
033E:  MOVWF  77
033F:  INCF   04,F
0340:  MOVF   00,W
0341:  MOVWF  78
0342:  INCF   04,F
0343:  MOVF   00,W
0344:  MOVWF  79
0345:  INCF   04,F
0346:  MOVF   00,W
0347:  MOVWF  7A
0348:  MOVLW  FD
0349:  ADDWF  04,F
034A:  MOVF   7A,W
034B:  MOVWF  49
034C:  MOVF   79,W
034D:  MOVWF  48
034E:  MOVF   78,W
034F:  MOVWF  47
0350:  MOVF   77,W
0351:  MOVWF  46
0352:  MOVF   49,W
0353:  MOVWF  4D
0354:  MOVF   48,W
0355:  MOVWF  4C
0356:  MOVF   47,W
0357:  MOVWF  4B
0358:  MOVF   46,W
0359:  MOVWF  4A
035A:  CLRF   51
035B:  CLRF   50
035C:  MOVLW  68
035D:  MOVWF  4F
035E:  MOVLW  84
035F:  MOVWF  4E
*
0429:  MOVF   44,W
042A:  MOVWF  04
042B:  BCF    03.7
042C:  BTFSC  45.0
042D:  BSF    03.7
042E:  MOVF   77,W
042F:  MOVWF  00
0430:  INCF   04,F
0431:  MOVF   78,W
0432:  MOVWF  00
0433:  INCF   04,F
0434:  MOVF   79,W
0435:  MOVWF  00
0436:  INCF   04,F
0437:  MOVF   7A,W
0438:  MOVWF  00
.................... 
....................     return distance[sensor - 1];
0439:  MOVLW  01
043A:  SUBWF  43,W
043B:  MOVWF  77
043C:  RLF    77,F
043D:  RLF    77,F
043E:  MOVLW  FC
043F:  ANDWF  77,F
0440:  MOVF   77,W
0441:  ADDLW  20
0442:  MOVWF  04
0443:  BCF    03.7
0444:  MOVF   00,W
0445:  MOVWF  77
0446:  INCF   04,F
0447:  MOVF   00,W
0448:  MOVWF  78
0449:  INCF   04,F
044A:  MOVF   00,W
044B:  MOVWF  79
044C:  INCF   04,F
044D:  MOVF   00,W
044E:  MOVWF  7A
044F:  RETURN
.................... }
.................... 
.................... // Hàm hi?n th? kho?ng cách lên LCD
.................... void distance_display()
.................... {
....................     lcd_gotoxy(1, 1);
*
05F6:  MOVLW  01
05F7:  MOVWF  51
05F8:  MOVWF  52
05F9:  CALL   12B
....................     printf(lcd_putc, "D:%.0fcm ", distance[0]);
05FA:  MOVLW  44
05FB:  MOVWF  50
05FC:  CALL   13D
05FD:  MOVLW  3A
05FE:  MOVWF  50
05FF:  CALL   13D
0600:  MOVLW  89
0601:  MOVWF  04
0602:  MOVF   23,W
0603:  MOVWF  46
0604:  MOVF   22,W
0605:  MOVWF  45
0606:  MOVF   21,W
0607:  MOVWF  44
0608:  MOVF   20,W
0609:  MOVWF  43
060A:  CLRF   47
060B:  CALL   4BF
060C:  MOVLW  63
060D:  MOVWF  50
060E:  CALL   13D
060F:  MOVLW  6D
0610:  MOVWF  50
0611:  CALL   13D
0612:  MOVLW  20
0613:  MOVWF  50
0614:  CALL   13D
....................     lcd_gotoxy(1, 2);
0615:  MOVLW  01
0616:  MOVWF  51
0617:  MOVLW  02
0618:  MOVWF  52
0619:  CALL   12B
....................     printf(lcd_putc, "T:%.0fcm ", distance[1]);
061A:  MOVLW  54
061B:  MOVWF  50
061C:  CALL   13D
061D:  MOVLW  3A
061E:  MOVWF  50
061F:  CALL   13D
0620:  MOVLW  89
0621:  MOVWF  04
0622:  MOVF   27,W
0623:  MOVWF  46
0624:  MOVF   26,W
0625:  MOVWF  45
0626:  MOVF   25,W
0627:  MOVWF  44
0628:  MOVF   24,W
0629:  MOVWF  43
062A:  CLRF   47
062B:  CALL   4BF
062C:  MOVLW  63
062D:  MOVWF  50
062E:  CALL   13D
062F:  MOVLW  6D
0630:  MOVWF  50
0631:  CALL   13D
0632:  MOVLW  20
0633:  MOVWF  50
0634:  CALL   13D
....................     lcd_gotoxy(9, 1);
0635:  MOVLW  09
0636:  MOVWF  51
0637:  MOVLW  01
0638:  MOVWF  52
0639:  CALL   12B
....................     printf(lcd_putc, "N:%.0fcm   ", distance[2]);
063A:  MOVLW  4E
063B:  MOVWF  50
063C:  CALL   13D
063D:  MOVLW  3A
063E:  MOVWF  50
063F:  CALL   13D
0640:  MOVLW  89
0641:  MOVWF  04
0642:  MOVF   2B,W
0643:  MOVWF  46
0644:  MOVF   2A,W
0645:  MOVWF  45
0646:  MOVF   29,W
0647:  MOVWF  44
0648:  MOVF   28,W
0649:  MOVWF  43
064A:  CLRF   47
064B:  CALL   4BF
064C:  MOVLW  07
064D:  BSF    03.6
064E:  MOVWF  0D
064F:  MOVLW  00
0650:  MOVWF  0F
0651:  BCF    03.0
0652:  MOVLW  05
0653:  BCF    03.6
0654:  MOVWF  43
0655:  CALL   59F
....................     lcd_gotoxy(9, 2);
0656:  MOVLW  09
0657:  MOVWF  51
0658:  MOVLW  02
0659:  MOVWF  52
065A:  CALL   12B
....................     printf(lcd_putc, "B:%.0fcm   ", distance[3]);
065B:  MOVLW  42
065C:  MOVWF  50
065D:  CALL   13D
065E:  MOVLW  3A
065F:  MOVWF  50
0660:  CALL   13D
0661:  MOVLW  89
0662:  MOVWF  04
0663:  MOVF   2F,W
0664:  MOVWF  46
0665:  MOVF   2E,W
0666:  MOVWF  45
0667:  MOVF   2D,W
0668:  MOVWF  44
0669:  MOVF   2C,W
066A:  MOVWF  43
066B:  CLRF   47
066C:  CALL   4BF
066D:  MOVLW  0D
066E:  BSF    03.6
066F:  MOVWF  0D
0670:  MOVLW  00
0671:  MOVWF  0F
0672:  BCF    03.0
0673:  MOVLW  05
0674:  BCF    03.6
0675:  MOVWF  43
0676:  CALL   59F
0677:  BCF    0A.3
0678:  BCF    0A.4
0679:  GOTO   6B1 (RETURN)
.................... }
.................... 
.................... void main()
067A:  MOVF   03,W
067B:  ANDLW  1F
067C:  MOVWF  03
067D:  MOVLW  FF
067E:  MOVWF  40
067F:  CLRF   42
0680:  CLRF   41
0681:  BSF    03.5
0682:  BSF    1F.0
0683:  BSF    1F.1
0684:  BSF    1F.2
0685:  BCF    1F.3
0686:  MOVLW  07
0687:  MOVWF  1C
0688:  BCF    03.7
.................... {
....................     lcd_init();  // Kh?i t?o LCD
0689:  BCF    03.5
068A:  GOTO   0E5
....................     lcd_putc("\f");
068B:  MOVLW  10
068C:  BSF    03.6
068D:  MOVWF  0D
068E:  MOVLW  00
068F:  MOVWF  0F
0690:  BCF    03.6
0691:  CALL   169
....................     lcd_gotoxy(1, 1);
0692:  MOVLW  01
0693:  MOVWF  51
0694:  MOVWF  52
0695:  CALL   12B
....................     lcd_putc("HELLO");
0696:  MOVLW  11
0697:  BSF    03.6
0698:  MOVWF  0D
0699:  MOVLW  00
069A:  MOVWF  0F
069B:  BCF    03.6
069C:  CALL   169
....................     delay_ms(1000);
069D:  MOVLW  04
069E:  MOVWF  43
069F:  MOVLW  FA
06A0:  MOVWF  51
06A1:  CALL   014
06A2:  DECFSZ 43,F
06A3:  GOTO   69F
....................     while(TRUE)
....................     {
....................         // Ðo kho?ng cách t? 4 c?m bi?n
....................         measure_distance(1);
06A4:  MOVLW  01
06A5:  MOVWF  43
06A6:  CALL   234
....................         measure_distance(2);
06A7:  MOVLW  02
06A8:  MOVWF  43
06A9:  CALL   234
....................         measure_distance(3);
06AA:  MOVLW  03
06AB:  MOVWF  43
06AC:  CALL   234
....................         measure_distance(4);
06AD:  MOVLW  04
06AE:  MOVWF  43
06AF:  CALL   234
.................... 
....................         // Hi?n th? k?t qu? lên LCD
....................         distance_display();
06B0:  GOTO   5F6
.................... 
....................         delay_ms(100);  // Th?i gian ch? gi?a các l?n ðo
06B1:  MOVLW  64
06B2:  MOVWF  51
06B3:  CALL   014
06B4:  GOTO   6A4
....................     }
.................... }
.................... 
06B5:  SLEEP

Configuration Fuses:
   Word  1: 3F72   HS NOWDT PUT BROWNOUT NOLVP NOCPD NOWRT NODEBUG NOPROTECT
