
ROM used:   2366/8192 (29%)
            2372/8192 (29%) including unused fragments

            1.7 Average locations per line
            11.2 Average locations per statement

RAM used:   51/368 (14%) at main() level
            73/368 (20%) worst case

Stack used: 5 worst case (5 in main + 0 for interrupts)
Stack size: 8

Lines Stmts  %   Files
----- ----- ---  -----
  205   112  53  main.c
    5     0   0  main.h
  708     0   0  ..\..\..\App\PICC\Devices\16F877A.h
   39     0   0  ..\..\..\App\PICC\Drivers\stdbool.h
  456   100  47  ..\..\..\App\PICC\Drivers\lcd.c
----- -----
 1413   212 Total

Page ROM  %  RAM    Vol Diff  Functions:
---- --- --- ---    --- ----  ----------
0     20   1    1             @delay_ms1
 Inline         3    760  4.5  lcd_read_byte
0     49   2    2    262  3.7  lcd_read_nibble
0     46   2    1    399  2.4  lcd_send_nibble
0     94   4    3    415  3.7  lcd_send_byte
0     70   3    6    852  6.2  lcd_init
0     18   1    4    208  6.3  lcd_gotoxy
0     44   2    1    354  4.7  lcd_putc
0    540  23    7   1669  7.7  measure_distance
0      8   0    0    245  2.2  @goto6033
0      8   0    0    245  2.2  @goto6042
0      8   0    0    245  2.2  @goto6081
0      8   0    0    245  2.2  @goto6118
 Inline         2    245  2.2  @ITOF
0    117   5   13    245  2.2  @MULFF
 Inline        14    245  2.2  @DIVFF
0    134   6    0    351  2.3  distance_display
0      6   0    0    381  2.7  @const757
 Inline         5    245  2.2  @FTOSD
0     79   3   13    245  2.2  @DIV3232
0    224   9   13    245  2.2  @PRINTF_L32D_725FPFPF
0     87   4    5    245  2.2  @PSTRINGCN7_725
0      6   0    0    381  2.7  @const768
0      6   0    0             @const769
0      6   0    0    245  2.2  @const770
0     43   2    0    121  1.6  threshold_display
0      7   0    0             @const772
0     86   4    4    245  2.2  @PSTRINGC7_725
0      7   0    0             @const777
0     94   4    1    255  4.5  set_threshold
1    324  14   16    245  2.2  @ADDFF
0     63   3   10    245  2.2  @FLT
0     22   1    1    119  3.1  choose_mode
0      1   0    0    245  2.2  @const786
0    133   6    6    684  7.0  MAIN
0      1   0    0    245  2.2  @const790
0      3   0    0    381  2.7  @const791
 Inline         0             @cinit1

Program metrics:
    Functions               33
    Statements              212
    Comments                248
    Volume (V)              22337
    Difficulty (D)          102.6
    Effort to implement (E) 2291477
    Time to implement (T)   35 hours, 22 minutes
    Est Delivered Bugs (B)  6
    Cyclomatic Complexity   35
    Maintainability (MI)    62

 Segment     Used  Free
-----------  ----  ----
00000-00003     4  0  
00004-007FF  2038  6  
00800-00FFF   324  1724  
01000-017FF     0  2048  
01800-01FFF     0  2048  



